<?xml version="1.0" encoding="UTF-8"?>
<!-- Generated by org.testng.reporters.JUnitXMLReporter -->
<testsuite ignored="0" hostname="DESKTOP-GV6OR0O" failures="5" tests="6" name="API Tests" time="17.946" errors="0" timestamp="2026-02-18T13:18:16 IST">
  <testcase classname="tests.ApiExcelDrivenTest" name="executeApiTest" time="5.379">
    <failure type="java.lang.AssertionError" message="properties
Expected: limit
     but none found
 ; properties
Expected: products
     but none found
 ; properties
Expected: skip
     but none found
 ; properties
Expected: total
     but none found
">
      <![CDATA[java.lang.AssertionError: properties
Expected: limit
     but none found
 ; properties
Expected: products
     but none found
 ; properties
Expected: skip
     but none found
 ; properties
Expected: total
     but none found

at org.skyscreamer.jsonassert.JSONAssert.assertEquals(JSONAssert.java:417)
at org.skyscreamer.jsonassert.JSONAssert.assertEquals(JSONAssert.java:394)
at utils.SchemaCompareUtil.compareSchemas(SchemaCompareUtil.java:11)
at tests.ApiExcelDrivenTest.executeApiTest(ApiExcelDrivenTest.java:181)
at java.base/java.util.concurrent.Executors$RunnableAdapter.call(Executors.java:572)
at java.base/java.util.concurrent.FutureTask.run(FutureTask.java:317)
at java.base/java.util.concurrent.ThreadPoolExecutor.runWorker(ThreadPoolExecutor.java:1144)
at java.base/java.util.concurrent.ThreadPoolExecutor$Worker.run(ThreadPoolExecutor.java:642)
at java.base/java.lang.Thread.run(Thread.java:1583)
... Removed 11 stack frames]]>
    </failure>
  </testcase> <!-- executeApiTest -->
  <testcase classname="tests.ApiExcelDrivenTest" name="executeApiTest" time="2.549">
    <failure type="java.lang.AssertionError" message="Status code mismatch expected [200] but found [404]">
      <![CDATA[java.lang.AssertionError: Status code mismatch expected [200] but found [404]
at tests.ApiExcelDrivenTest.executeApiTest(ApiExcelDrivenTest.java:109)
at java.base/java.util.concurrent.Executors$RunnableAdapter.call(Executors.java:572)
at java.base/java.util.concurrent.FutureTask.run(FutureTask.java:317)
at java.base/java.util.concurrent.ThreadPoolExecutor.runWorker(ThreadPoolExecutor.java:1144)
at java.base/java.util.concurrent.ThreadPoolExecutor$Worker.run(ThreadPoolExecutor.java:642)
at java.base/java.lang.Thread.run(Thread.java:1583)
... Removed 17 stack frames]]>
    </failure>
  </testcase> <!-- executeApiTest -->
  <testcase classname="tests.ApiExcelDrivenTest" name="executeApiTest" time="2.688">
    <failure type="java.lang.AssertionError" message="Status code mismatch expected [200] but found [404]">
      <![CDATA[java.lang.AssertionError: Status code mismatch expected [200] but found [404]
at tests.ApiExcelDrivenTest.executeApiTest(ApiExcelDrivenTest.java:109)
at java.base/java.util.concurrent.Executors$RunnableAdapter.call(Executors.java:572)
at java.base/java.util.concurrent.FutureTask.run(FutureTask.java:317)
at java.base/java.util.concurrent.ThreadPoolExecutor.runWorker(ThreadPoolExecutor.java:1144)
at java.base/java.util.concurrent.ThreadPoolExecutor$Worker.run(ThreadPoolExecutor.java:642)
at java.base/java.lang.Thread.run(Thread.java:1583)
... Removed 17 stack frames]]>
    </failure>
  </testcase> <!-- executeApiTest -->
  <testcase classname="tests.ApiExcelDrivenTest" name="executeApiTest" time="2.735">
    <failure type="java.lang.AssertionError" message="Status code mismatch expected [200] but found [404]">
      <![CDATA[java.lang.AssertionError: Status code mismatch expected [200] but found [404]
at tests.ApiExcelDrivenTest.executeApiTest(ApiExcelDrivenTest.java:109)
at java.base/java.util.concurrent.Executors$RunnableAdapter.call(Executors.java:572)
at java.base/java.util.concurrent.FutureTask.run(FutureTask.java:317)
at java.base/java.util.concurrent.ThreadPoolExecutor.runWorker(ThreadPoolExecutor.java:1144)
at java.base/java.util.concurrent.ThreadPoolExecutor$Worker.run(ThreadPoolExecutor.java:642)
at java.base/java.lang.Thread.run(Thread.java:1583)
... Removed 17 stack frames]]>
    </failure>
  </testcase> <!-- executeApiTest -->
  <testcase classname="tests.ApiExcelDrivenTest" name="executeApiTest" time="0.577"/>
  <testcase classname="tests.ApiExcelDrivenTest" name="executeApiTest" time="0.519">
    <failure type="java.lang.AssertionError" message="Status code mismatch expected [200] but found [400]">
      <![CDATA[java.lang.AssertionError: Status code mismatch expected [200] but found [400]
at tests.ApiExcelDrivenTest.executeApiTest(ApiExcelDrivenTest.java:109)
at java.base/java.util.concurrent.Executors$RunnableAdapter.call(Executors.java:572)
at java.base/java.util.concurrent.FutureTask.run(FutureTask.java:317)
at java.base/java.util.concurrent.ThreadPoolExecutor.runWorker(ThreadPoolExecutor.java:1144)
at java.base/java.util.concurrent.ThreadPoolExecutor$Worker.run(ThreadPoolExecutor.java:642)
at java.base/java.lang.Thread.run(Thread.java:1583)
... Removed 17 stack frames]]>
    </failure>
  </testcase> <!-- executeApiTest -->
</testsuite> <!-- API Tests -->
